[0.012s] Invoking command in '/home/rodrigo/TCC/build/turtlebot3_multi_robot': CMAKE_PREFIX_PATH=${CMAKE_PREFIX_PATH}:/opt/ros/humble /usr/bin/cmake /home/rodrigo/TCC/src/turtlebot3_multi_robot -DAMENT_CMAKE_SYMLINK_INSTALL=1 -DCMAKE_INSTALL_PREFIX=/home/rodrigo/TCC/install/turtlebot3_multi_robot
[0.085s] -- The C compiler identification is GNU 11.4.0
[0.148s] -- The CXX compiler identification is GNU 11.4.0
[0.157s] -- Detecting C compiler ABI info
[0.241s] -- Detecting C compiler ABI info - done
[0.249s] -- Check for working C compiler: /usr/bin/cc - skipped
[0.250s] -- Detecting C compile features
[0.250s] -- Detecting C compile features - done
[0.253s] -- Detecting CXX compiler ABI info
[0.339s] -- Detecting CXX compiler ABI info - done
[0.348s] -- Check for working CXX compiler: /usr/bin/c++ - skipped
[0.348s] -- Detecting CXX compile features
[0.349s] -- Detecting CXX compile features - done
[0.351s] -- Found ament_cmake: 1.3.11 (/opt/ros/humble/share/ament_cmake/cmake)
[0.514s] -- Found Python3: /usr/bin/python3 (found version "3.10.12") found components: Interpreter 
[0.584s] -- Override CMake install command with custom implementation using symlinks instead of copying resources
[0.709s] -- Configuring done
[0.712s] -- Generating done
[0.713s] -- Build files have been written to: /home/rodrigo/TCC/build/turtlebot3_multi_robot
[0.718s] Invoked command in '/home/rodrigo/TCC/build/turtlebot3_multi_robot' returned '0': CMAKE_PREFIX_PATH=${CMAKE_PREFIX_PATH}:/opt/ros/humble /usr/bin/cmake /home/rodrigo/TCC/src/turtlebot3_multi_robot -DAMENT_CMAKE_SYMLINK_INSTALL=1 -DCMAKE_INSTALL_PREFIX=/home/rodrigo/TCC/install/turtlebot3_multi_robot
[0.721s] Invoking command in '/home/rodrigo/TCC/build/turtlebot3_multi_robot': CMAKE_PREFIX_PATH=${CMAKE_PREFIX_PATH}:/opt/ros/humble /usr/bin/cmake --build /home/rodrigo/TCC/build/turtlebot3_multi_robot -- -j12 -l12
[0.768s] Invoked command in '/home/rodrigo/TCC/build/turtlebot3_multi_robot' returned '0': CMAKE_PREFIX_PATH=${CMAKE_PREFIX_PATH}:/opt/ros/humble /usr/bin/cmake --build /home/rodrigo/TCC/build/turtlebot3_multi_robot -- -j12 -l12
[0.786s] Invoking command in '/home/rodrigo/TCC/build/turtlebot3_multi_robot': CMAKE_PREFIX_PATH=${CMAKE_PREFIX_PATH}:/opt/ros/humble /usr/bin/cmake --install /home/rodrigo/TCC/build/turtlebot3_multi_robot
[0.799s] -- Install configuration: ""
[0.800s] -- Execute custom install script
[0.800s] -- Symlinking: /home/rodrigo/TCC/install/turtlebot3_multi_robot/share/turtlebot3_multi_robot//launch/gazebo_multi_nav2_world.launch.py
[0.816s] -- Symlinking: /home/rodrigo/TCC/install/turtlebot3_multi_robot/share/turtlebot3_multi_robot//launch/gazebo_multi_world.launch.py
[0.826s] -- Symlinking: /home/rodrigo/TCC/install/turtlebot3_multi_robot/share/turtlebot3_multi_robot//launch/nav2_bringup/bringup_launch.py
[0.839s] -- Symlinking: /home/rodrigo/TCC/install/turtlebot3_multi_robot/share/turtlebot3_multi_robot//launch/nav2_bringup/localization_launch.py
[0.850s] -- Symlinking: /home/rodrigo/TCC/install/turtlebot3_multi_robot/share/turtlebot3_multi_robot//launch/nav2_bringup/navigation_launch.py
[0.862s] -- Symlinking: /home/rodrigo/TCC/install/turtlebot3_multi_robot/share/turtlebot3_multi_robot//launch/nav2_bringup/rviz_launch.py
[0.872s] -- Symlinking: /home/rodrigo/TCC/install/turtlebot3_multi_robot/share/turtlebot3_multi_robot//launch/nav2_bringup/slam_launch.py
[0.883s] -- Symlinking: /home/rodrigo/TCC/install/turtlebot3_multi_robot/share/turtlebot3_multi_robot//models/turtlebot3_burger/meshes/burger_base.dae
[0.896s] -- Symlinking: /home/rodrigo/TCC/install/turtlebot3_multi_robot/share/turtlebot3_multi_robot//models/turtlebot3_burger/meshes/lds.dae
[0.906s] -- Symlinking: /home/rodrigo/TCC/install/turtlebot3_multi_robot/share/turtlebot3_multi_robot//models/turtlebot3_burger/meshes/tire.dae
[0.917s] -- Symlinking: /home/rodrigo/TCC/install/turtlebot3_multi_robot/share/turtlebot3_multi_robot//models/turtlebot3_burger/model-1_4.sdf
[0.929s] -- Symlinking: /home/rodrigo/TCC/install/turtlebot3_multi_robot/share/turtlebot3_multi_robot//models/turtlebot3_burger/model.config
[0.940s] -- Symlinking: /home/rodrigo/TCC/install/turtlebot3_multi_robot/share/turtlebot3_multi_robot//models/turtlebot3_burger/model.sdf
[0.952s] -- Symlinking: /home/rodrigo/TCC/install/turtlebot3_multi_robot/share/turtlebot3_multi_robot//models/turtlebot3_waffle/meshes/lds.dae
[0.962s] -- Symlinking: /home/rodrigo/TCC/install/turtlebot3_multi_robot/share/turtlebot3_multi_robot//models/turtlebot3_waffle/meshes/r200.dae
[0.973s] -- Symlinking: /home/rodrigo/TCC/install/turtlebot3_multi_robot/share/turtlebot3_multi_robot//models/turtlebot3_waffle/meshes/tire.dae
[0.984s] -- Symlinking: /home/rodrigo/TCC/install/turtlebot3_multi_robot/share/turtlebot3_multi_robot//models/turtlebot3_waffle/meshes/waffle_base.dae
[0.995s] -- Symlinking: /home/rodrigo/TCC/install/turtlebot3_multi_robot/share/turtlebot3_multi_robot//models/turtlebot3_waffle/model-1_4.sdf
[1.007s] -- Symlinking: /home/rodrigo/TCC/install/turtlebot3_multi_robot/share/turtlebot3_multi_robot//models/turtlebot3_waffle/model.config
[1.022s] -- Symlinking: /home/rodrigo/TCC/install/turtlebot3_multi_robot/share/turtlebot3_multi_robot//models/turtlebot3_waffle/model.sdf
[1.032s] -- Symlinking: /home/rodrigo/TCC/install/turtlebot3_multi_robot/share/turtlebot3_multi_robot//models/turtlebot3_waffle/model_nocamera.sdf
[1.042s] -- Symlinking: /home/rodrigo/TCC/install/turtlebot3_multi_robot/share/turtlebot3_multi_robot//rviz/multi_nav2_default_view.rviz
[1.052s] -- Symlinking: /home/rodrigo/TCC/install/turtlebot3_multi_robot/share/turtlebot3_multi_robot//rviz/nav2_default_view.rviz
[1.063s] -- Symlinking: /home/rodrigo/TCC/install/turtlebot3_multi_robot/share/turtlebot3_multi_robot//urdf/common_properties.urdf
[1.074s] -- Symlinking: /home/rodrigo/TCC/install/turtlebot3_multi_robot/share/turtlebot3_multi_robot//urdf/turtlebot3_burger.urdf
[1.084s] -- Symlinking: /home/rodrigo/TCC/install/turtlebot3_multi_robot/share/turtlebot3_multi_robot//urdf/turtlebot3_waffle.urdf
[1.095s] -- Symlinking: /home/rodrigo/TCC/install/turtlebot3_multi_robot/share/turtlebot3_multi_robot//worlds/multi_empty_world.world
[1.106s] -- Symlinking: /home/rodrigo/TCC/install/turtlebot3_multi_robot/share/turtlebot3_multi_robot//worlds/multi_robot_world.world
[1.117s] -- Symlinking: /home/rodrigo/TCC/install/turtlebot3_multi_robot/share/turtlebot3_multi_robot//params/nav2_params.yaml
[1.128s] -- Symlinking: /home/rodrigo/TCC/install/turtlebot3_multi_robot/share/turtlebot3_multi_robot/environment/multi_robot.dsv
[1.140s] -- Symlinking: /home/rodrigo/TCC/install/turtlebot3_multi_robot/share/ament_index/resource_index/package_run_dependencies/turtlebot3_multi_robot
[1.150s] -- Symlinking: /home/rodrigo/TCC/install/turtlebot3_multi_robot/share/ament_index/resource_index/parent_prefix_path/turtlebot3_multi_robot
[1.161s] -- Symlinking: /home/rodrigo/TCC/install/turtlebot3_multi_robot/share/turtlebot3_multi_robot/environment/ament_prefix_path.sh
[1.176s] -- Symlinking: /home/rodrigo/TCC/install/turtlebot3_multi_robot/share/turtlebot3_multi_robot/environment/ament_prefix_path.dsv
[1.186s] -- Symlinking: /home/rodrigo/TCC/install/turtlebot3_multi_robot/share/turtlebot3_multi_robot/environment/path.sh
[1.197s] -- Symlinking: /home/rodrigo/TCC/install/turtlebot3_multi_robot/share/turtlebot3_multi_robot/environment/path.dsv
[1.207s] -- Symlinking: /home/rodrigo/TCC/install/turtlebot3_multi_robot/share/turtlebot3_multi_robot/local_setup.bash
[1.218s] -- Symlinking: /home/rodrigo/TCC/install/turtlebot3_multi_robot/share/turtlebot3_multi_robot/local_setup.sh
[1.229s] -- Symlinking: /home/rodrigo/TCC/install/turtlebot3_multi_robot/share/turtlebot3_multi_robot/local_setup.zsh
[1.245s] -- Symlinking: /home/rodrigo/TCC/install/turtlebot3_multi_robot/share/turtlebot3_multi_robot/local_setup.dsv
[1.261s] -- Symlinking: /home/rodrigo/TCC/install/turtlebot3_multi_robot/share/turtlebot3_multi_robot/package.dsv
[1.272s] -- Symlinking: /home/rodrigo/TCC/install/turtlebot3_multi_robot/share/ament_index/resource_index/packages/turtlebot3_multi_robot
[1.282s] -- Symlinking: /home/rodrigo/TCC/install/turtlebot3_multi_robot/share/turtlebot3_multi_robot/cmake/turtlebot3_multi_robotConfig.cmake
[1.293s] -- Symlinking: /home/rodrigo/TCC/install/turtlebot3_multi_robot/share/turtlebot3_multi_robot/cmake/turtlebot3_multi_robotConfig-version.cmake
[1.307s] -- Symlinking: /home/rodrigo/TCC/install/turtlebot3_multi_robot/share/turtlebot3_multi_robot/package.xml
[1.328s] Invoked command in '/home/rodrigo/TCC/build/turtlebot3_multi_robot' returned '0': CMAKE_PREFIX_PATH=${CMAKE_PREFIX_PATH}:/opt/ros/humble /usr/bin/cmake --install /home/rodrigo/TCC/build/turtlebot3_multi_robot
