[0.105s] DEBUG:colcon:Command line arguments: ['/usr/bin/colcon', 'build', '--symlink-install']
[0.105s] DEBUG:colcon:Parsed command line arguments: Namespace(log_base=None, log_level=None, verb_name='build', build_base='build', install_base='install', merge_install=False, symlink_install=True, test_result_base=None, continue_on_error=False, executor='parallel', parallel_workers=12, event_handlers=None, ignore_user_meta=False, metas=['./colcon.meta'], base_paths=['.'], packages_ignore=None, packages_ignore_regex=None, paths=None, packages_up_to=None, packages_up_to_regex=None, packages_above=None, packages_above_and_dependencies=None, packages_above_depth=None, packages_select_by_dep=None, packages_skip_by_dep=None, packages_skip_up_to=None, packages_select_build_failed=False, packages_skip_build_finished=False, packages_select_test_failures=False, packages_skip_test_passed=False, packages_select=None, packages_skip=None, packages_select_regex=None, packages_skip_regex=None, packages_start=None, packages_end=None, allow_overriding=[], cmake_args=None, cmake_target=None, cmake_target_skip_unavailable=False, cmake_clean_cache=False, cmake_clean_first=False, cmake_force_configure=False, ament_cmake_args=None, catkin_cmake_args=None, catkin_skip_building_tests=False, verb_parser=<colcon_defaults.argument_parser.defaults.DefaultArgumentsDecorator object at 0x79bbe7627820>, verb_extension=<colcon_core.verb.build.BuildVerb object at 0x79bbe76272e0>, main=<bound method BuildVerb.main of <colcon_core.verb.build.BuildVerb object at 0x79bbe76272e0>>)
[0.275s] Level 1:colcon.colcon_core.package_discovery:discover_packages(colcon_meta) check parameters
[0.275s] Level 1:colcon.colcon_core.package_discovery:discover_packages(recursive) check parameters
[0.275s] Level 1:colcon.colcon_core.package_discovery:discover_packages(ignore) check parameters
[0.275s] Level 1:colcon.colcon_core.package_discovery:discover_packages(path) check parameters
[0.275s] Level 1:colcon.colcon_core.package_discovery:discover_packages(colcon_meta) discover
[0.275s] Level 1:colcon.colcon_core.package_discovery:discover_packages(recursive) discover
[0.275s] INFO:colcon.colcon_core.package_discovery:Crawling recursively for packages in '/home/rodrigo/TCC'
[0.275s] Level 1:colcon.colcon_core.package_identification:_identify(.) by extensions ['ignore', 'ignore_ament_install']
[0.275s] Level 1:colcon.colcon_core.package_identification:_identify(.) by extension 'ignore'
[0.275s] Level 1:colcon.colcon_core.package_identification:_identify(.) by extension 'ignore_ament_install'
[0.275s] Level 1:colcon.colcon_core.package_identification:_identify(.) by extensions ['colcon_pkg']
[0.275s] Level 1:colcon.colcon_core.package_identification:_identify(.) by extension 'colcon_pkg'
[0.275s] Level 1:colcon.colcon_core.package_identification:_identify(.) by extensions ['colcon_meta']
[0.275s] Level 1:colcon.colcon_core.package_identification:_identify(.) by extension 'colcon_meta'
[0.275s] Level 1:colcon.colcon_core.package_identification:_identify(.) by extensions ['ros']
[0.275s] Level 1:colcon.colcon_core.package_identification:_identify(.) by extension 'ros'
[0.287s] Level 1:colcon.colcon_core.package_identification:_identify(.) by extensions ['cmake', 'python']
[0.287s] Level 1:colcon.colcon_core.package_identification:_identify(.) by extension 'cmake'
[0.287s] Level 1:colcon.colcon_core.package_identification:_identify(.) by extension 'python'
[0.287s] Level 1:colcon.colcon_core.package_identification:_identify(.) by extensions ['python_setup_py']
[0.287s] Level 1:colcon.colcon_core.package_identification:_identify(.) by extension 'python_setup_py'
[0.287s] Level 1:colcon.colcon_core.package_identification:_identify(build) by extensions ['ignore', 'ignore_ament_install']
[0.287s] Level 1:colcon.colcon_core.package_identification:_identify(build) by extension 'ignore'
[0.287s] Level 1:colcon.colcon_core.package_identification:_identify(build) ignored
[0.287s] Level 1:colcon.colcon_core.package_identification:_identify(install) by extensions ['ignore', 'ignore_ament_install']
[0.287s] Level 1:colcon.colcon_core.package_identification:_identify(install) by extension 'ignore'
[0.287s] Level 1:colcon.colcon_core.package_identification:_identify(install) ignored
[0.287s] Level 1:colcon.colcon_core.package_identification:_identify(log) by extensions ['ignore', 'ignore_ament_install']
[0.287s] Level 1:colcon.colcon_core.package_identification:_identify(log) by extension 'ignore'
[0.287s] Level 1:colcon.colcon_core.package_identification:_identify(log) ignored
[0.288s] Level 1:colcon.colcon_core.package_identification:_identify(src) by extensions ['ignore', 'ignore_ament_install']
[0.288s] Level 1:colcon.colcon_core.package_identification:_identify(src) by extension 'ignore'
[0.288s] Level 1:colcon.colcon_core.package_identification:_identify(src) by extension 'ignore_ament_install'
[0.288s] Level 1:colcon.colcon_core.package_identification:_identify(src) by extensions ['colcon_pkg']
[0.288s] Level 1:colcon.colcon_core.package_identification:_identify(src) by extension 'colcon_pkg'
[0.288s] Level 1:colcon.colcon_core.package_identification:_identify(src) by extensions ['colcon_meta']
[0.288s] Level 1:colcon.colcon_core.package_identification:_identify(src) by extension 'colcon_meta'
[0.288s] Level 1:colcon.colcon_core.package_identification:_identify(src) by extensions ['ros']
[0.288s] Level 1:colcon.colcon_core.package_identification:_identify(src) by extension 'ros'
[0.288s] Level 1:colcon.colcon_core.package_identification:_identify(src) by extensions ['cmake', 'python']
[0.288s] Level 1:colcon.colcon_core.package_identification:_identify(src) by extension 'cmake'
[0.288s] Level 1:colcon.colcon_core.package_identification:_identify(src) by extension 'python'
[0.288s] Level 1:colcon.colcon_core.package_identification:_identify(src) by extensions ['python_setup_py']
[0.288s] Level 1:colcon.colcon_core.package_identification:_identify(src) by extension 'python_setup_py'
[0.288s] Level 1:colcon.colcon_core.package_identification:_identify(src/turtlebot3_multi_robot) by extensions ['ignore', 'ignore_ament_install']
[0.288s] Level 1:colcon.colcon_core.package_identification:_identify(src/turtlebot3_multi_robot) by extension 'ignore'
[0.288s] Level 1:colcon.colcon_core.package_identification:_identify(src/turtlebot3_multi_robot) by extension 'ignore_ament_install'
[0.288s] Level 1:colcon.colcon_core.package_identification:_identify(src/turtlebot3_multi_robot) by extensions ['colcon_pkg']
[0.288s] Level 1:colcon.colcon_core.package_identification:_identify(src/turtlebot3_multi_robot) by extension 'colcon_pkg'
[0.289s] Level 1:colcon.colcon_core.package_identification:_identify(src/turtlebot3_multi_robot) by extensions ['colcon_meta']
[0.289s] Level 1:colcon.colcon_core.package_identification:_identify(src/turtlebot3_multi_robot) by extension 'colcon_meta'
[0.289s] Level 1:colcon.colcon_core.package_identification:_identify(src/turtlebot3_multi_robot) by extensions ['ros']
[0.289s] Level 1:colcon.colcon_core.package_identification:_identify(src/turtlebot3_multi_robot) by extension 'ros'
[0.291s] DEBUG:colcon.colcon_core.package_identification:Package 'src/turtlebot3_multi_robot' with type 'ros.ament_cmake' and name 'turtlebot3_multi_robot'
[0.291s] Level 1:colcon.colcon_core.package_discovery:discover_packages(recursive) using defaults
[0.291s] Level 1:colcon.colcon_core.package_discovery:discover_packages(ignore) discover
[0.291s] Level 1:colcon.colcon_core.package_discovery:discover_packages(ignore) using defaults
[0.291s] Level 1:colcon.colcon_core.package_discovery:discover_packages(path) discover
[0.292s] Level 1:colcon.colcon_core.package_discovery:discover_packages(path) using defaults
[0.321s] Level 1:colcon.colcon_core.package_discovery:discover_packages(prefix_path) check parameters
[0.321s] Level 1:colcon.colcon_core.package_discovery:discover_packages(prefix_path) discover
[0.322s] WARNING:colcon.colcon_ros.prefix_path.ament:The path '/home/rodrigo/TCC/install/turtlebot3_simulations' in the environment variable AMENT_PREFIX_PATH doesn't exist
[0.322s] WARNING:colcon.colcon_ros.prefix_path.ament:The path '/home/rodrigo/TCC/install/turtlebot3_gazebo' in the environment variable AMENT_PREFIX_PATH doesn't exist
[0.322s] WARNING:colcon.colcon_ros.prefix_path.ament:The path '/home/rodrigo/TCC/install/turtlebot3_fake_node' in the environment variable AMENT_PREFIX_PATH doesn't exist
[0.322s] WARNING:colcon.colcon_ros.prefix_path.ament:The path '/home/rodrigo/TCC/install/turtlebot3_multi_robot' in the environment variable AMENT_PREFIX_PATH doesn't exist
[0.322s] WARNING:colcon.colcon_ros.prefix_path.catkin:The path '/home/rodrigo/TCC/install/turtlebot3_simulations' in the environment variable CMAKE_PREFIX_PATH doesn't exist
[0.322s] WARNING:colcon.colcon_ros.prefix_path.catkin:The path '/home/rodrigo/TCC/install/turtlebot3_gazebo' in the environment variable CMAKE_PREFIX_PATH doesn't exist
[0.322s] WARNING:colcon.colcon_ros.prefix_path.catkin:The path '/home/rodrigo/TCC/install/turtlebot3_fake_node' in the environment variable CMAKE_PREFIX_PATH doesn't exist
[0.323s] WARNING:colcon.colcon_ros.prefix_path.catkin:The path '/home/rodrigo/TCC/install/turtlebot3_multi_robot' in the environment variable CMAKE_PREFIX_PATH doesn't exist
[0.323s] DEBUG:colcon.colcon_installed_package_information.package_discovery:Found 0 installed packages in /home/rodrigo/TCC/install
[0.325s] DEBUG:colcon.colcon_installed_package_information.package_discovery:Found 343 installed packages in /opt/ros/humble
[0.327s] Level 1:colcon.colcon_core.package_discovery:discover_packages(prefix_path) using defaults
[0.374s] Level 5:colcon.colcon_core.verb:set package 'turtlebot3_multi_robot' build argument 'cmake_args' from command line to 'None'
[0.374s] Level 5:colcon.colcon_core.verb:set package 'turtlebot3_multi_robot' build argument 'cmake_target' from command line to 'None'
[0.374s] Level 5:colcon.colcon_core.verb:set package 'turtlebot3_multi_robot' build argument 'cmake_target_skip_unavailable' from command line to 'False'
[0.374s] Level 5:colcon.colcon_core.verb:set package 'turtlebot3_multi_robot' build argument 'cmake_clean_cache' from command line to 'False'
[0.374s] Level 5:colcon.colcon_core.verb:set package 'turtlebot3_multi_robot' build argument 'cmake_clean_first' from command line to 'False'
[0.374s] Level 5:colcon.colcon_core.verb:set package 'turtlebot3_multi_robot' build argument 'cmake_force_configure' from command line to 'False'
[0.374s] Level 5:colcon.colcon_core.verb:set package 'turtlebot3_multi_robot' build argument 'ament_cmake_args' from command line to 'None'
[0.374s] Level 5:colcon.colcon_core.verb:set package 'turtlebot3_multi_robot' build argument 'catkin_cmake_args' from command line to 'None'
[0.374s] Level 5:colcon.colcon_core.verb:set package 'turtlebot3_multi_robot' build argument 'catkin_skip_building_tests' from command line to 'False'
[0.374s] DEBUG:colcon.colcon_core.verb:Building package 'turtlebot3_multi_robot' with the following arguments: {'ament_cmake_args': None, 'build_base': '/home/rodrigo/TCC/build/turtlebot3_multi_robot', 'catkin_cmake_args': None, 'catkin_skip_building_tests': False, 'cmake_args': None, 'cmake_clean_cache': False, 'cmake_clean_first': False, 'cmake_force_configure': False, 'cmake_target': None, 'cmake_target_skip_unavailable': False, 'install_base': '/home/rodrigo/TCC/install/turtlebot3_multi_robot', 'merge_install': False, 'path': '/home/rodrigo/TCC/src/turtlebot3_multi_robot', 'symlink_install': True, 'test_result_base': None}
[0.374s] INFO:colcon.colcon_core.executor:Executing jobs using 'parallel' executor
[0.375s] DEBUG:colcon.colcon_parallel_executor.executor.parallel:run_until_complete
[0.375s] INFO:colcon.colcon_ros.task.ament_cmake.build:Building ROS package in '/home/rodrigo/TCC/src/turtlebot3_multi_robot' with build type 'ament_cmake'
[0.375s] INFO:colcon.colcon_cmake.task.cmake.build:Building CMake package in '/home/rodrigo/TCC/src/turtlebot3_multi_robot'
[0.377s] INFO:colcon.colcon_core.plugin_system:Skipping extension 'colcon_core.shell.bat': Not used on non-Windows systems
[0.378s] INFO:colcon.colcon_core.shell:Skip shell extension 'powershell' for command environment: Not usable outside of PowerShell
[0.378s] DEBUG:colcon.colcon_core.shell:Skip shell extension 'dsv' for command environment
[0.388s] DEBUG:colcon.colcon_core.event_handler.log_command:Invoking command in '/home/rodrigo/TCC/build/turtlebot3_multi_robot': CMAKE_PREFIX_PATH=${CMAKE_PREFIX_PATH}:/opt/ros/humble /usr/bin/cmake /home/rodrigo/TCC/src/turtlebot3_multi_robot -DAMENT_CMAKE_SYMLINK_INSTALL=1 -DCMAKE_INSTALL_PREFIX=/home/rodrigo/TCC/install/turtlebot3_multi_robot
[1.094s] DEBUG:colcon.colcon_core.event_handler.log_command:Invoked command in '/home/rodrigo/TCC/build/turtlebot3_multi_robot' returned '0': CMAKE_PREFIX_PATH=${CMAKE_PREFIX_PATH}:/opt/ros/humble /usr/bin/cmake /home/rodrigo/TCC/src/turtlebot3_multi_robot -DAMENT_CMAKE_SYMLINK_INSTALL=1 -DCMAKE_INSTALL_PREFIX=/home/rodrigo/TCC/install/turtlebot3_multi_robot
[1.097s] DEBUG:colcon.colcon_core.event_handler.log_command:Invoking command in '/home/rodrigo/TCC/build/turtlebot3_multi_robot': CMAKE_PREFIX_PATH=${CMAKE_PREFIX_PATH}:/opt/ros/humble /usr/bin/cmake --build /home/rodrigo/TCC/build/turtlebot3_multi_robot -- -j12 -l12
[1.144s] DEBUG:colcon.colcon_core.event_handler.log_command:Invoked command in '/home/rodrigo/TCC/build/turtlebot3_multi_robot' returned '0': CMAKE_PREFIX_PATH=${CMAKE_PREFIX_PATH}:/opt/ros/humble /usr/bin/cmake --build /home/rodrigo/TCC/build/turtlebot3_multi_robot -- -j12 -l12
[1.162s] DEBUG:colcon.colcon_core.event_handler.log_command:Invoking command in '/home/rodrigo/TCC/build/turtlebot3_multi_robot': CMAKE_PREFIX_PATH=${CMAKE_PREFIX_PATH}:/opt/ros/humble /usr/bin/cmake --install /home/rodrigo/TCC/build/turtlebot3_multi_robot
[1.703s] Level 1:colcon.colcon_core.environment:create_environment_scripts_only(turtlebot3_multi_robot)
[1.704s] DEBUG:colcon.colcon_core.event_handler.log_command:Invoked command in '/home/rodrigo/TCC/build/turtlebot3_multi_robot' returned '0': CMAKE_PREFIX_PATH=${CMAKE_PREFIX_PATH}:/opt/ros/humble /usr/bin/cmake --install /home/rodrigo/TCC/build/turtlebot3_multi_robot
[1.707s] Level 1:colcon.colcon_core.environment:checking '/home/rodrigo/TCC/install/turtlebot3_multi_robot' for CMake module files
[1.708s] Level 1:colcon.colcon_core.environment:checking '/home/rodrigo/TCC/install/turtlebot3_multi_robot' for CMake config files
[1.709s] Level 1:colcon.colcon_core.shell:create_environment_hook('turtlebot3_multi_robot', 'cmake_prefix_path')
[1.709s] INFO:colcon.colcon_core.shell:Creating environment hook '/home/rodrigo/TCC/install/turtlebot3_multi_robot/share/turtlebot3_multi_robot/hook/cmake_prefix_path.ps1'
[1.710s] INFO:colcon.colcon_core.shell:Creating environment descriptor '/home/rodrigo/TCC/install/turtlebot3_multi_robot/share/turtlebot3_multi_robot/hook/cmake_prefix_path.dsv'
[1.711s] INFO:colcon.colcon_core.shell:Creating environment hook '/home/rodrigo/TCC/install/turtlebot3_multi_robot/share/turtlebot3_multi_robot/hook/cmake_prefix_path.sh'
[1.712s] Level 1:colcon.colcon_core.environment:checking '/home/rodrigo/TCC/install/turtlebot3_multi_robot/bin'
[1.712s] Level 1:colcon.colcon_core.environment:checking '/home/rodrigo/TCC/install/turtlebot3_multi_robot/lib/pkgconfig/turtlebot3_multi_robot.pc'
[1.713s] Level 1:colcon.colcon_core.environment:checking '/home/rodrigo/TCC/install/turtlebot3_multi_robot/lib/python3.10/site-packages'
[1.713s] Level 1:colcon.colcon_core.environment:checking '/home/rodrigo/TCC/install/turtlebot3_multi_robot/bin'
[1.714s] INFO:colcon.colcon_core.shell:Creating package script '/home/rodrigo/TCC/install/turtlebot3_multi_robot/share/turtlebot3_multi_robot/package.ps1'
[1.715s] INFO:colcon.colcon_core.shell:Creating package descriptor '/home/rodrigo/TCC/install/turtlebot3_multi_robot/share/turtlebot3_multi_robot/package.dsv'
[1.716s] INFO:colcon.colcon_core.shell:Creating package script '/home/rodrigo/TCC/install/turtlebot3_multi_robot/share/turtlebot3_multi_robot/package.sh'
[1.717s] INFO:colcon.colcon_core.shell:Creating package script '/home/rodrigo/TCC/install/turtlebot3_multi_robot/share/turtlebot3_multi_robot/package.bash'
[1.718s] INFO:colcon.colcon_core.shell:Creating package script '/home/rodrigo/TCC/install/turtlebot3_multi_robot/share/turtlebot3_multi_robot/package.zsh'
[1.719s] Level 1:colcon.colcon_core.environment:create_file_with_runtime_dependencies(/home/rodrigo/TCC/install/turtlebot3_multi_robot/share/colcon-core/packages/turtlebot3_multi_robot)
[1.720s] Level 1:colcon.colcon_core.environment:create_environment_scripts_only(turtlebot3_multi_robot)
[1.720s] Level 1:colcon.colcon_core.environment:checking '/home/rodrigo/TCC/install/turtlebot3_multi_robot' for CMake module files
[1.721s] Level 1:colcon.colcon_core.environment:checking '/home/rodrigo/TCC/install/turtlebot3_multi_robot' for CMake config files
[1.722s] Level 1:colcon.colcon_core.shell:create_environment_hook('turtlebot3_multi_robot', 'cmake_prefix_path')
[1.722s] INFO:colcon.colcon_core.shell:Creating environment hook '/home/rodrigo/TCC/install/turtlebot3_multi_robot/share/turtlebot3_multi_robot/hook/cmake_prefix_path.ps1'
[1.723s] INFO:colcon.colcon_core.shell:Creating environment descriptor '/home/rodrigo/TCC/install/turtlebot3_multi_robot/share/turtlebot3_multi_robot/hook/cmake_prefix_path.dsv'
[1.723s] INFO:colcon.colcon_core.shell:Creating environment hook '/home/rodrigo/TCC/install/turtlebot3_multi_robot/share/turtlebot3_multi_robot/hook/cmake_prefix_path.sh'
[1.724s] Level 1:colcon.colcon_core.environment:checking '/home/rodrigo/TCC/install/turtlebot3_multi_robot/bin'
[1.724s] Level 1:colcon.colcon_core.environment:checking '/home/rodrigo/TCC/install/turtlebot3_multi_robot/lib/pkgconfig/turtlebot3_multi_robot.pc'
[1.725s] Level 1:colcon.colcon_core.environment:checking '/home/rodrigo/TCC/install/turtlebot3_multi_robot/lib/python3.10/site-packages'
[1.725s] Level 1:colcon.colcon_core.environment:checking '/home/rodrigo/TCC/install/turtlebot3_multi_robot/bin'
[1.725s] INFO:colcon.colcon_core.shell:Creating package script '/home/rodrigo/TCC/install/turtlebot3_multi_robot/share/turtlebot3_multi_robot/package.ps1'
[1.726s] INFO:colcon.colcon_core.shell:Creating package descriptor '/home/rodrigo/TCC/install/turtlebot3_multi_robot/share/turtlebot3_multi_robot/package.dsv'
[1.727s] INFO:colcon.colcon_core.shell:Creating package script '/home/rodrigo/TCC/install/turtlebot3_multi_robot/share/turtlebot3_multi_robot/package.sh'
[1.728s] INFO:colcon.colcon_core.shell:Creating package script '/home/rodrigo/TCC/install/turtlebot3_multi_robot/share/turtlebot3_multi_robot/package.bash'
[1.728s] INFO:colcon.colcon_core.shell:Creating package script '/home/rodrigo/TCC/install/turtlebot3_multi_robot/share/turtlebot3_multi_robot/package.zsh'
[1.729s] Level 1:colcon.colcon_core.environment:create_file_with_runtime_dependencies(/home/rodrigo/TCC/install/turtlebot3_multi_robot/share/colcon-core/packages/turtlebot3_multi_robot)
[1.729s] DEBUG:colcon.colcon_parallel_executor.executor.parallel:closing loop
[1.730s] DEBUG:colcon.colcon_parallel_executor.executor.parallel:loop closed
[1.730s] DEBUG:colcon.colcon_parallel_executor.executor.parallel:run_until_complete finished with '0'
[1.730s] DEBUG:colcon.colcon_core.event_reactor:joining thread
[1.739s] INFO:colcon.colcon_core.plugin_system:Skipping extension 'colcon_notification.desktop_notification.terminal_notifier': Not used on non-Darwin systems
[1.739s] INFO:colcon.colcon_core.plugin_system:Skipping extension 'colcon_notification.desktop_notification.win32': Not used on non-Windows systems
[1.739s] INFO:colcon.colcon_notification.desktop_notification:Sending desktop notification using 'notify2'
[1.754s] DEBUG:colcon.colcon_core.event_reactor:joined thread
[1.754s] INFO:colcon.colcon_core.shell:Creating prefix script '/home/rodrigo/TCC/install/local_setup.ps1'
[1.756s] INFO:colcon.colcon_core.shell:Creating prefix util module '/home/rodrigo/TCC/install/_local_setup_util_ps1.py'
[1.758s] INFO:colcon.colcon_core.shell:Creating prefix chain script '/home/rodrigo/TCC/install/setup.ps1'
[1.759s] INFO:colcon.colcon_core.shell:Creating prefix script '/home/rodrigo/TCC/install/local_setup.sh'
[1.760s] INFO:colcon.colcon_core.shell:Creating prefix util module '/home/rodrigo/TCC/install/_local_setup_util_sh.py'
[1.761s] INFO:colcon.colcon_core.shell:Creating prefix chain script '/home/rodrigo/TCC/install/setup.sh'
[1.763s] INFO:colcon.colcon_core.shell:Creating prefix script '/home/rodrigo/TCC/install/local_setup.bash'
[1.764s] INFO:colcon.colcon_core.shell:Creating prefix chain script '/home/rodrigo/TCC/install/setup.bash'
[1.765s] INFO:colcon.colcon_core.shell:Creating prefix script '/home/rodrigo/TCC/install/local_setup.zsh'
[1.766s] INFO:colcon.colcon_core.shell:Creating prefix chain script '/home/rodrigo/TCC/install/setup.zsh'
